2025-11-23 11:41:24,713 [Worker-1: Loading available Gradle versions] INFO  o.e.b.c.i.u.g.PublishedGradleVersions - Gradle version information cache is not available. Remote download required.
2025-11-23 22:36:54,909 [Worker-2: Loading available Gradle versions] INFO  o.e.b.c.i.u.g.PublishedGradleVersions - Gradle version information cache is up-to-date. Trying to read.
2025-11-23 22:38:08,746 [Worker-5: Loading available Gradle versions] INFO  o.e.b.c.i.u.g.PublishedGradleVersions - Gradle version information cache is up-to-date. Trying to read.
2025-11-23 22:40:13,356 [Worker-2: Loading available Gradle versions] INFO  o.e.b.c.i.u.g.PublishedGradleVersions - Gradle version information cache is up-to-date. Trying to read.
2025-11-23 22:41:42,061 [Worker-11: Launching mavenrun-d05f674e-4d33-445e-a165-e7457cd90197] INFO  o.eclipse.m2e.core.internal.Bundles - getClasspathEntries(Bundle=org.eclipse.m2e.maven.runtime_3.9.1100.20250811-2018 [364])
2025-11-23 22:41:42,065 [Worker-11: Launching mavenrun-d05f674e-4d33-445e-a165-e7457cd90197] INFO  o.eclipse.m2e.core.internal.Bundles - 	Entry: D:\sts-4.32.2.RELEASE\plugins\org.eclipse.m2e.maven.runtime_3.9.1100.20250811-2018
2025-11-23 22:41:42,065 [Worker-11: Launching mavenrun-d05f674e-4d33-445e-a165-e7457cd90197] INFO  o.eclipse.m2e.core.internal.Bundles - 	Entry: D:\sts-4.32.2.RELEASE\plugins\org.eclipse.m2e.maven.runtime_3.9.1100.20250811-2018\jars\aopalliance-1.0.jar
2025-11-23 22:41:42,065 [Worker-11: Launching mavenrun-d05f674e-4d33-445e-a165-e7457cd90197] INFO  o.eclipse.m2e.core.internal.Bundles - 	Entry: D:\sts-4.32.2.RELEASE\plugins\org.eclipse.m2e.maven.runtime_3.9.1100.20250811-2018\jars\asm-9.8.jar
2025-11-23 22:41:42,066 [Worker-11: Launching mavenrun-d05f674e-4d33-445e-a165-e7457cd90197] INFO  o.eclipse.m2e.core.internal.Bundles - 	Entry: D:\sts-4.32.2.RELEASE\plugins\org.eclipse.m2e.maven.runtime_3.9.1100.20250811-2018\jars\error_prone_annotations-2.38.0.jar
2025-11-23 22:41:42,066 [Worker-11: Launching mavenrun-d05f674e-4d33-445e-a165-e7457cd90197] INFO  o.eclipse.m2e.core.internal.Bundles - 	Entry: D:\sts-4.32.2.RELEASE\plugins\org.eclipse.m2e.maven.runtime_3.9.1100.20250811-2018\jars\gson-2.13.1.jar
2025-11-23 22:41:42,066 [Worker-11: Launching mavenrun-d05f674e-4d33-445e-a165-e7457cd90197] INFO  o.eclipse.m2e.core.internal.Bundles - 	Entry: D:\sts-4.32.2.RELEASE\plugins\org.eclipse.m2e.maven.runtime_3.9.1100.20250811-2018\jars\guice-5.1.0-classes.jar
2025-11-23 22:41:42,066 [Worker-11: Launching mavenrun-d05f674e-4d33-445e-a165-e7457cd90197] INFO  o.eclipse.m2e.core.internal.Bundles - 	Entry: D:\sts-4.32.2.RELEASE\plugins\org.eclipse.m2e.maven.runtime_3.9.1100.20250811-2018\jars\httpclient-4.5.14.jar
2025-11-23 22:41:42,066 [Worker-11: Launching mavenrun-d05f674e-4d33-445e-a165-e7457cd90197] INFO  o.eclipse.m2e.core.internal.Bundles - 	Entry: D:\sts-4.32.2.RELEASE\plugins\org.eclipse.m2e.maven.runtime_3.9.1100.20250811-2018\jars\httpcore-4.4.16.jar
2025-11-23 22:41:42,067 [Worker-11: Launching mavenrun-d05f674e-4d33-445e-a165-e7457cd90197] INFO  o.eclipse.m2e.core.internal.Bundles - 	Entry: D:\sts-4.32.2.RELEASE\plugins\org.eclipse.m2e.maven.runtime_3.9.1100.20250811-2018\jars\jansi-2.4.2.jar
2025-11-23 22:41:42,067 [Worker-11: Launching mavenrun-d05f674e-4d33-445e-a165-e7457cd90197] INFO  o.eclipse.m2e.core.internal.Bundles - 	Entry: D:\sts-4.32.2.RELEASE\plugins\org.eclipse.m2e.maven.runtime_3.9.1100.20250811-2018\jars\jcl-over-slf4j-1.7.36.jar
2025-11-23 22:41:42,067 [Worker-11: Launching mavenrun-d05f674e-4d33-445e-a165-e7457cd90197] INFO  o.eclipse.m2e.core.internal.Bundles - 	Entry: D:\sts-4.32.2.RELEASE\plugins\org.eclipse.m2e.maven.runtime_3.9.1100.20250811-2018\jars\maven-artifact-3.9.11.jar
2025-11-23 22:41:42,067 [Worker-11: Launching mavenrun-d05f674e-4d33-445e-a165-e7457cd90197] INFO  o.eclipse.m2e.core.internal.Bundles - 	Entry: D:\sts-4.32.2.RELEASE\plugins\org.eclipse.m2e.maven.runtime_3.9.1100.20250811-2018\jars\maven-builder-support-3.9.11.jar
2025-11-23 22:41:42,068 [Worker-11: Launching mavenrun-d05f674e-4d33-445e-a165-e7457cd90197] INFO  o.eclipse.m2e.core.internal.Bundles - 	Entry: D:\sts-4.32.2.RELEASE\plugins\org.eclipse.m2e.maven.runtime_3.9.1100.20250811-2018\jars\maven-compat-3.9.11.jar
2025-11-23 22:41:42,068 [Worker-11: Launching mavenrun-d05f674e-4d33-445e-a165-e7457cd90197] INFO  o.eclipse.m2e.core.internal.Bundles - 	Entry: D:\sts-4.32.2.RELEASE\plugins\org.eclipse.m2e.maven.runtime_3.9.1100.20250811-2018\jars\maven-core-3.9.11.jar
2025-11-23 22:41:42,068 [Worker-11: Launching mavenrun-d05f674e-4d33-445e-a165-e7457cd90197] INFO  o.eclipse.m2e.core.internal.Bundles - 	Entry: D:\sts-4.32.2.RELEASE\plugins\org.eclipse.m2e.maven.runtime_3.9.1100.20250811-2018\jars\maven-embedder-3.9.11.jar
2025-11-23 22:41:42,068 [Worker-11: Launching mavenrun-d05f674e-4d33-445e-a165-e7457cd90197] INFO  o.eclipse.m2e.core.internal.Bundles - 	Entry: D:\sts-4.32.2.RELEASE\plugins\org.eclipse.m2e.maven.runtime_3.9.1100.20250811-2018\jars\maven-model-3.9.11.jar
2025-11-23 22:41:42,068 [Worker-11: Launching mavenrun-d05f674e-4d33-445e-a165-e7457cd90197] INFO  o.eclipse.m2e.core.internal.Bundles - 	Entry: D:\sts-4.32.2.RELEASE\plugins\org.eclipse.m2e.maven.runtime_3.9.1100.20250811-2018\jars\maven-model-builder-3.9.11.jar
2025-11-23 22:41:42,068 [Worker-11: Launching mavenrun-d05f674e-4d33-445e-a165-e7457cd90197] INFO  o.eclipse.m2e.core.internal.Bundles - 	Entry: D:\sts-4.32.2.RELEASE\plugins\org.eclipse.m2e.maven.runtime_3.9.1100.20250811-2018\jars\maven-plugin-api-3.9.11.jar
2025-11-23 22:41:42,069 [Worker-11: Launching mavenrun-d05f674e-4d33-445e-a165-e7457cd90197] INFO  o.eclipse.m2e.core.internal.Bundles - 	Entry: D:\sts-4.32.2.RELEASE\plugins\org.eclipse.m2e.maven.runtime_3.9.1100.20250811-2018\jars\maven-repository-metadata-3.9.11.jar
2025-11-23 22:41:42,069 [Worker-11: Launching mavenrun-d05f674e-4d33-445e-a165-e7457cd90197] INFO  o.eclipse.m2e.core.internal.Bundles - 	Entry: D:\sts-4.32.2.RELEASE\plugins\org.eclipse.m2e.maven.runtime_3.9.1100.20250811-2018\jars\maven-resolver-api-1.9.24.jar
2025-11-23 22:41:42,069 [Worker-11: Launching mavenrun-d05f674e-4d33-445e-a165-e7457cd90197] INFO  o.eclipse.m2e.core.internal.Bundles - 	Entry: D:\sts-4.32.2.RELEASE\plugins\org.eclipse.m2e.maven.runtime_3.9.1100.20250811-2018\jars\maven-resolver-connector-basic-1.9.24.jar
2025-11-23 22:41:42,069 [Worker-11: Launching mavenrun-d05f674e-4d33-445e-a165-e7457cd90197] INFO  o.eclipse.m2e.core.internal.Bundles - 	Entry: D:\sts-4.32.2.RELEASE\plugins\org.eclipse.m2e.maven.runtime_3.9.1100.20250811-2018\jars\maven-resolver-impl-1.9.24.jar
2025-11-23 22:41:42,069 [Worker-11: Launching mavenrun-d05f674e-4d33-445e-a165-e7457cd90197] INFO  o.eclipse.m2e.core.internal.Bundles - 	Entry: D:\sts-4.32.2.RELEASE\plugins\org.eclipse.m2e.maven.runtime_3.9.1100.20250811-2018\jars\maven-resolver-named-locks-1.9.24.jar
2025-11-23 22:41:42,069 [Worker-11: Launching mavenrun-d05f674e-4d33-445e-a165-e7457cd90197] INFO  o.eclipse.m2e.core.internal.Bundles - 	Entry: D:\sts-4.32.2.RELEASE\plugins\org.eclipse.m2e.maven.runtime_3.9.1100.20250811-2018\jars\maven-resolver-provider-3.9.11.jar
2025-11-23 22:41:42,069 [Worker-11: Launching mavenrun-d05f674e-4d33-445e-a165-e7457cd90197] INFO  o.eclipse.m2e.core.internal.Bundles - 	Entry: D:\sts-4.32.2.RELEASE\plugins\org.eclipse.m2e.maven.runtime_3.9.1100.20250811-2018\jars\maven-resolver-spi-1.9.24.jar
2025-11-23 22:41:42,069 [Worker-11: Launching mavenrun-d05f674e-4d33-445e-a165-e7457cd90197] INFO  o.eclipse.m2e.core.internal.Bundles - 	Entry: D:\sts-4.32.2.RELEASE\plugins\org.eclipse.m2e.maven.runtime_3.9.1100.20250811-2018\jars\maven-resolver-transport-file-1.9.24.jar
2025-11-23 22:41:42,070 [Worker-11: Launching mavenrun-d05f674e-4d33-445e-a165-e7457cd90197] INFO  o.eclipse.m2e.core.internal.Bundles - 	Entry: D:\sts-4.32.2.RELEASE\plugins\org.eclipse.m2e.maven.runtime_3.9.1100.20250811-2018\jars\maven-resolver-transport-http-1.9.24.jar
2025-11-23 22:41:42,070 [Worker-11: Launching mavenrun-d05f674e-4d33-445e-a165-e7457cd90197] INFO  o.eclipse.m2e.core.internal.Bundles - 	Entry: D:\sts-4.32.2.RELEASE\plugins\org.eclipse.m2e.maven.runtime_3.9.1100.20250811-2018\jars\maven-resolver-transport-wagon-1.9.24.jar
2025-11-23 22:41:42,070 [Worker-11: Launching mavenrun-d05f674e-4d33-445e-a165-e7457cd90197] INFO  o.eclipse.m2e.core.internal.Bundles - 	Entry: D:\sts-4.32.2.RELEASE\plugins\org.eclipse.m2e.maven.runtime_3.9.1100.20250811-2018\jars\maven-resolver-util-1.9.24.jar
2025-11-23 22:41:42,070 [Worker-11: Launching mavenrun-d05f674e-4d33-445e-a165-e7457cd90197] INFO  o.eclipse.m2e.core.internal.Bundles - 	Entry: D:\sts-4.32.2.RELEASE\plugins\org.eclipse.m2e.maven.runtime_3.9.1100.20250811-2018\jars\maven-settings-3.9.11.jar
2025-11-23 22:41:42,070 [Worker-11: Launching mavenrun-d05f674e-4d33-445e-a165-e7457cd90197] INFO  o.eclipse.m2e.core.internal.Bundles - 	Entry: D:\sts-4.32.2.RELEASE\plugins\org.eclipse.m2e.maven.runtime_3.9.1100.20250811-2018\jars\maven-settings-builder-3.9.11.jar
2025-11-23 22:41:42,070 [Worker-11: Launching mavenrun-d05f674e-4d33-445e-a165-e7457cd90197] INFO  o.eclipse.m2e.core.internal.Bundles - 	Entry: D:\sts-4.32.2.RELEASE\plugins\org.eclipse.m2e.maven.runtime_3.9.1100.20250811-2018\jars\maven-shared-utils-3.4.2.jar
2025-11-23 22:41:42,071 [Worker-11: Launching mavenrun-d05f674e-4d33-445e-a165-e7457cd90197] INFO  o.eclipse.m2e.core.internal.Bundles - 	Entry: D:\sts-4.32.2.RELEASE\plugins\org.eclipse.m2e.maven.runtime_3.9.1100.20250811-2018\jars\org.eclipse.sisu.inject-0.9.0.M4.jar
2025-11-23 22:41:42,071 [Worker-11: Launching mavenrun-d05f674e-4d33-445e-a165-e7457cd90197] INFO  o.eclipse.m2e.core.internal.Bundles - 	Entry: D:\sts-4.32.2.RELEASE\plugins\org.eclipse.m2e.maven.runtime_3.9.1100.20250811-2018\jars\org.eclipse.sisu.plexus-0.9.0.M4.jar
2025-11-23 22:41:42,071 [Worker-11: Launching mavenrun-d05f674e-4d33-445e-a165-e7457cd90197] INFO  o.eclipse.m2e.core.internal.Bundles - 	Entry: D:\sts-4.32.2.RELEASE\plugins\org.eclipse.m2e.maven.runtime_3.9.1100.20250811-2018\jars\plexus-build-api-0.0.7.jar
2025-11-23 22:41:42,071 [Worker-11: Launching mavenrun-d05f674e-4d33-445e-a165-e7457cd90197] INFO  o.eclipse.m2e.core.internal.Bundles - 	Entry: D:\sts-4.32.2.RELEASE\plugins\org.eclipse.m2e.maven.runtime_3.9.1100.20250811-2018\jars\plexus-build-api-1.2.0.jar
2025-11-23 22:41:42,071 [Worker-11: Launching mavenrun-d05f674e-4d33-445e-a165-e7457cd90197] INFO  o.eclipse.m2e.core.internal.Bundles - 	Entry: D:\sts-4.32.2.RELEASE\plugins\org.eclipse.m2e.maven.runtime_3.9.1100.20250811-2018\jars\plexus-cipher-2.0.jar
2025-11-23 22:41:42,071 [Worker-11: Launching mavenrun-d05f674e-4d33-445e-a165-e7457cd90197] INFO  o.eclipse.m2e.core.internal.Bundles - 	Entry: D:\sts-4.32.2.RELEASE\plugins\org.eclipse.m2e.maven.runtime_3.9.1100.20250811-2018\jars\plexus-classworlds-2.9.0.jar
2025-11-23 22:41:42,071 [Worker-11: Launching mavenrun-d05f674e-4d33-445e-a165-e7457cd90197] INFO  o.eclipse.m2e.core.internal.Bundles - 	Entry: D:\sts-4.32.2.RELEASE\plugins\org.eclipse.m2e.maven.runtime_3.9.1100.20250811-2018\jars\plexus-component-annotations-2.2.0.jar
2025-11-23 22:41:42,071 [Worker-11: Launching mavenrun-d05f674e-4d33-445e-a165-e7457cd90197] INFO  o.eclipse.m2e.core.internal.Bundles - 	Entry: D:\sts-4.32.2.RELEASE\plugins\org.eclipse.m2e.maven.runtime_3.9.1100.20250811-2018\jars\plexus-interpolation-1.28.jar
2025-11-23 22:41:42,071 [Worker-11: Launching mavenrun-d05f674e-4d33-445e-a165-e7457cd90197] INFO  o.eclipse.m2e.core.internal.Bundles - 	Entry: D:\sts-4.32.2.RELEASE\plugins\org.eclipse.m2e.maven.runtime_3.9.1100.20250811-2018\jars\plexus-sec-dispatcher-2.0.jar
2025-11-23 22:41:42,071 [Worker-11: Launching mavenrun-d05f674e-4d33-445e-a165-e7457cd90197] INFO  o.eclipse.m2e.core.internal.Bundles - 	Entry: D:\sts-4.32.2.RELEASE\plugins\org.eclipse.m2e.maven.runtime_3.9.1100.20250811-2018\jars\plexus-utils-3.6.0.jar
2025-11-23 22:41:42,072 [Worker-11: Launching mavenrun-d05f674e-4d33-445e-a165-e7457cd90197] INFO  o.eclipse.m2e.core.internal.Bundles - 	Entry: D:\sts-4.32.2.RELEASE\plugins\org.eclipse.m2e.maven.runtime_3.9.1100.20250811-2018\jars\wagon-file-3.5.3.jar
2025-11-23 22:41:42,072 [Worker-11: Launching mavenrun-d05f674e-4d33-445e-a165-e7457cd90197] INFO  o.eclipse.m2e.core.internal.Bundles - 	Entry: D:\sts-4.32.2.RELEASE\plugins\org.eclipse.m2e.maven.runtime_3.9.1100.20250811-2018\jars\wagon-http-3.5.3.jar
2025-11-23 22:41:42,072 [Worker-11: Launching mavenrun-d05f674e-4d33-445e-a165-e7457cd90197] INFO  o.eclipse.m2e.core.internal.Bundles - 	Entry: D:\sts-4.32.2.RELEASE\plugins\org.eclipse.m2e.maven.runtime_3.9.1100.20250811-2018\jars\wagon-http-shared-3.5.3.jar
2025-11-23 22:41:42,072 [Worker-11: Launching mavenrun-d05f674e-4d33-445e-a165-e7457cd90197] INFO  o.eclipse.m2e.core.internal.Bundles - 	Entry: D:\sts-4.32.2.RELEASE\plugins\org.eclipse.m2e.maven.runtime_3.9.1100.20250811-2018\jars\wagon-provider-api-3.5.3.jar
2025-11-23 22:41:42,073 [Worker-11: Launching mavenrun-d05f674e-4d33-445e-a165-e7457cd90197] INFO  o.eclipse.m2e.core.internal.Bundles - getClasspathEntries(Bundle=com.google.guava_33.4.8.jre [31])
2025-11-23 22:41:42,074 [Worker-11: Launching mavenrun-d05f674e-4d33-445e-a165-e7457cd90197] INFO  o.eclipse.m2e.core.internal.Bundles - 	Entry: D:\sts-4.32.2.RELEASE\plugins\com.google.guava_33.4.8.jre.jar
2025-11-23 22:41:42,074 [Worker-11: Launching mavenrun-d05f674e-4d33-445e-a165-e7457cd90197] INFO  o.eclipse.m2e.core.internal.Bundles - getClasspathEntries(Bundle=slf4j.api_2.0.17 [612])
2025-11-23 22:41:42,074 [Worker-11: Launching mavenrun-d05f674e-4d33-445e-a165-e7457cd90197] INFO  o.eclipse.m2e.core.internal.Bundles - 	Entry: D:\sts-4.32.2.RELEASE\plugins\slf4j.api_2.0.17.jar
2025-11-23 22:41:42,074 [Worker-11: Launching mavenrun-d05f674e-4d33-445e-a165-e7457cd90197] INFO  o.eclipse.m2e.core.internal.Bundles - getClasspathEntries(Bundle=jakarta.inject.jakarta.inject-api_1.0.5 [46])
2025-11-23 22:41:42,075 [Worker-11: Launching mavenrun-d05f674e-4d33-445e-a165-e7457cd90197] INFO  o.eclipse.m2e.core.internal.Bundles - 	Entry: D:\sts-4.32.2.RELEASE\plugins\jakarta.inject.jakarta.inject-api_1.0.5.jar
2025-11-23 22:41:42,075 [Worker-11: Launching mavenrun-d05f674e-4d33-445e-a165-e7457cd90197] INFO  o.eclipse.m2e.core.internal.Bundles - getClasspathEntries(Bundle=jakarta.annotation-api_1.3.5 [43])
2025-11-23 22:41:42,076 [Worker-11: Launching mavenrun-d05f674e-4d33-445e-a165-e7457cd90197] INFO  o.eclipse.m2e.core.internal.Bundles - 	Entry: D:\sts-4.32.2.RELEASE\plugins\jakarta.annotation-api_1.3.5.jar
2025-11-23 22:41:42,076 [Worker-11: Launching mavenrun-d05f674e-4d33-445e-a165-e7457cd90197] INFO  o.eclipse.m2e.core.internal.Bundles - getClasspathEntries(Bundle=org.apache.commons.cli_1.10.0 [78])
2025-11-23 22:41:42,076 [Worker-11: Launching mavenrun-d05f674e-4d33-445e-a165-e7457cd90197] INFO  o.eclipse.m2e.core.internal.Bundles - 	Entry: D:\sts-4.32.2.RELEASE\plugins\org.apache.commons.cli_1.10.0.jar
2025-11-23 22:41:42,076 [Worker-11: Launching mavenrun-d05f674e-4d33-445e-a165-e7457cd90197] INFO  o.eclipse.m2e.core.internal.Bundles - getClasspathEntries(Bundle=org.apache.commons.commons-codec_1.19.0 [80])
2025-11-23 22:41:42,076 [Worker-11: Launching mavenrun-d05f674e-4d33-445e-a165-e7457cd90197] INFO  o.eclipse.m2e.core.internal.Bundles - 	Entry: D:\sts-4.32.2.RELEASE\plugins\org.apache.commons.commons-codec_1.19.0.jar
2025-11-23 22:41:42,076 [Worker-11: Launching mavenrun-d05f674e-4d33-445e-a165-e7457cd90197] INFO  o.eclipse.m2e.core.internal.Bundles - getClasspathEntries(Bundle=com.google.guava.failureaccess_1.0.3 [32])
2025-11-23 22:41:42,076 [Worker-11: Launching mavenrun-d05f674e-4d33-445e-a165-e7457cd90197] INFO  o.eclipse.m2e.core.internal.Bundles - 	Entry: D:\sts-4.32.2.RELEASE\plugins\com.google.guava.failureaccess_1.0.3.jar
2025-11-23 22:41:42,169 [Worker-11: Launching mavenrun-d05f674e-4d33-445e-a165-e7457cd90197] INFO  o.e.m.i.launch.MavenLaunchDelegate - Run build in "C:\Users\ASUS\AppData\Local\Temp\m2e-archetypeGenerator5192672165930205841":
2025-11-23 22:41:42,284 [Worker-11: Launching mavenrun-d05f674e-4d33-445e-a165-e7457cd90197] INFO  o.e.m.i.launch.MavenLaunchDelegate -  mvn  -DarchetypeGroupId=org.apache.maven.archetypes -DarchetypeArtifactId=maven-archetype-quickstart -DarchetypeVersion=1.1 -DgroupId=com.lavish -DartifactId=Hibernate-and-Spring-Integration -Dversion=0.0.1-SNAPSHOT -Dpackage=com.lavish -DoutputDirectory="D:\Java\Spring-Snippets\Spring with ORM Frameworks" -Dstyle.color=always -U archetype:generate
2025-11-23 22:42:01,368 [Worker-3: Creating maven-archetype-quickstart] INFO  o.e.m.c.i.p.ProjectConfigurationManager - Collecting project info '/pom.xml' D:\Java\Spring-Snippets\Spring with ORM Frameworks\Hibernate-and-Spring-Integration\pom.xml
2025-11-23 22:42:06,169 [Worker-3: Creating maven-archetype-quickstart] INFO  o.e.m.c.i.l.LifecycleMappingFactory - Using org.eclipse.m2e.jdt.JarLifecycleMapping lifecycle mapping for MavenProject: com.lavish:Hibernate-and-Spring-Integration:0.0.1-SNAPSHOT @ D:\Java\Spring-Snippets\Spring with ORM Frameworks\Hibernate-and-Spring-Integration\pom.xml.
2025-11-23 22:42:07,795 [Worker-3: Creating maven-archetype-quickstart] INFO  o.e.m.j.i.AbstractJavaProjectConfigurator - Adding source folder /Hibernate-and-Spring-Integration/src/main/java
2025-11-23 22:42:07,800 [Worker-3: Creating maven-archetype-quickstart] INFO  o.e.m.j.i.AbstractJavaProjectConfigurator - Adding resource folder /Hibernate-and-Spring-Integration/src/main/resources
2025-11-23 22:42:07,828 [Worker-3: Creating maven-archetype-quickstart] INFO  o.e.m.j.i.AbstractJavaProjectConfigurator - Adding source folder /Hibernate-and-Spring-Integration/src/test/java
2025-11-23 22:42:07,831 [Worker-3: Creating maven-archetype-quickstart] INFO  o.e.m.j.i.AbstractJavaProjectConfigurator - Adding resource folder /Hibernate-and-Spring-Integration/src/test/resources
2025-11-23 22:42:08,215 [Worker-3: Creating maven-archetype-quickstart] WARN  o.apache.maven.project.MavenProject - Direct modification of compileSourceRoots through clear() is deprecated and will not work in Maven 4.0.0. Please use the add/remove methods instead. If you're using a plugin that causes this warning, please upgrade to the latest version and report an issue if the warning persists. To disable these warnings, set -Dmaven.project.sourceRoots.warningsDisabled=true on the command line, in the .mvn/maven.config file, or in project POM properties.
2025-11-23 22:42:08,216 [Worker-3: Creating maven-archetype-quickstart] WARN  o.apache.maven.project.MavenProject - Direct modification of compileSourceRoots through add() is deprecated and will not work in Maven 4.0.0. Please use the add/remove methods instead. If you're using a plugin that causes this warning, please upgrade to the latest version and report an issue if the warning persists. To disable these warnings, set -Dmaven.project.sourceRoots.warningsDisabled=true on the command line, in the .mvn/maven.config file, or in project POM properties.
2025-11-23 22:42:08,217 [Worker-3: Creating maven-archetype-quickstart] WARN  o.apache.maven.project.MavenProject - Direct modification of testCompileSourceRoots through clear() is deprecated and will not work in Maven 4.0.0. Please use the add/remove methods instead. If you're using a plugin that causes this warning, please upgrade to the latest version and report an issue if the warning persists. To disable these warnings, set -Dmaven.project.sourceRoots.warningsDisabled=true on the command line, in the .mvn/maven.config file, or in project POM properties.
2025-11-23 22:42:08,218 [Worker-3: Creating maven-archetype-quickstart] WARN  o.apache.maven.project.MavenProject - Direct modification of testCompileSourceRoots through add() is deprecated and will not work in Maven 4.0.0. Please use the add/remove methods instead. If you're using a plugin that causes this warning, please upgrade to the latest version and report an issue if the warning persists. To disable these warnings, set -Dmaven.project.sourceRoots.warningsDisabled=true on the command line, in the .mvn/maven.config file, or in project POM properties.
2025-11-23 22:42:08,278 [Worker-3: Creating maven-archetype-quickstart] INFO  o.e.m.c.i.p.ProjectConfigurationManager - Imported and configured 1 project(s) in 6 sec
2025-11-23 22:42:12,636 [Worker-2: Building] INFO  o.a.m.s.f.DefaultMavenResourcesFiltering - skip non existing resourceDirectory D:\Java\Spring-Snippets\Spring with ORM Frameworks\Hibernate-and-Spring-Integration\src\main\resources
2025-11-23 22:42:12,651 [Worker-2: Building] INFO  o.a.m.s.f.DefaultMavenResourcesFiltering - skip non existing resourceDirectory D:\Java\Spring-Snippets\Spring with ORM Frameworks\Hibernate-and-Spring-Integration\src\test\resources
2025-11-23 22:42:13,438 [Worker-2: Building] WARN  o.apache.maven.project.MavenProject - Direct modification of compileSourceRoots through clear() is deprecated and will not work in Maven 4.0.0. Please use the add/remove methods instead. If you're using a plugin that causes this warning, please upgrade to the latest version and report an issue if the warning persists. To disable these warnings, set -Dmaven.project.sourceRoots.warningsDisabled=true on the command line, in the .mvn/maven.config file, or in project POM properties.
2025-11-23 22:42:13,439 [Worker-2: Building] WARN  o.apache.maven.project.MavenProject - Direct modification of compileSourceRoots through add() is deprecated and will not work in Maven 4.0.0. Please use the add/remove methods instead. If you're using a plugin that causes this warning, please upgrade to the latest version and report an issue if the warning persists. To disable these warnings, set -Dmaven.project.sourceRoots.warningsDisabled=true on the command line, in the .mvn/maven.config file, or in project POM properties.
2025-11-23 22:42:13,466 [Worker-2: Building] WARN  o.apache.maven.project.MavenProject - Direct modification of testCompileSourceRoots through clear() is deprecated and will not work in Maven 4.0.0. Please use the add/remove methods instead. If you're using a plugin that causes this warning, please upgrade to the latest version and report an issue if the warning persists. To disable these warnings, set -Dmaven.project.sourceRoots.warningsDisabled=true on the command line, in the .mvn/maven.config file, or in project POM properties.
2025-11-23 22:42:13,467 [Worker-2: Building] WARN  o.apache.maven.project.MavenProject - Direct modification of testCompileSourceRoots through add() is deprecated and will not work in Maven 4.0.0. Please use the add/remove methods instead. If you're using a plugin that causes this warning, please upgrade to the latest version and report an issue if the warning persists. To disable these warnings, set -Dmaven.project.sourceRoots.warningsDisabled=true on the command line, in the .mvn/maven.config file, or in project POM properties.
